{"/Users/andeladeveloper/Desktop/Test-News-App/src/js/actions/ArticleAction.js": {"path":"/Users/andeladeveloper/Desktop/Test-News-App/src/js/actions/ArticleAction.js","statementMap":{"0":{"start":{"line":9,"column":14},"end":{"line":9,"column":58}},"1":{"start":{"line":10,"column":3},"end":{"line":16,"column":5}},"2":{"start":{"line":12,"column":6},"end":{"line":15,"column":7}},"3":{"start":{"line":22,"column":18},"end":{"line":22,"column":52}},"4":{"start":{"line":23,"column":14},"end":{"line":24,"column":42}},"5":{"start":{"line":25,"column":2},"end":{"line":31,"column":5}},"6":{"start":{"line":27,"column":6},"end":{"line":30,"column":6}},"7":{"start":{"line":36,"column":17},"end":{"line":36,"column":61}},"8":{"start":{"line":37,"column":4},"end":{"line":43,"column":5}},"9":{"start":{"line":39,"column":6},"end":{"line":42,"column":7}}},"fnMap":{"0":{"name":"getSources","decl":{"start":{"line":8,"column":16},"end":{"line":8,"column":26}},"loc":{"start":{"line":8,"column":28},"end":{"line":17,"column":1}},"line":8},"1":{"name":"(anonymous_1)","decl":{"start":{"line":11,"column":10},"end":{"line":11,"column":11}},"loc":{"start":{"line":11,"column":22},"end":{"line":16,"column":3}},"line":11},"2":{"name":"getArticles","decl":{"start":{"line":21,"column":16},"end":{"line":21,"column":27}},"loc":{"start":{"line":21,"column":47},"end":{"line":33,"column":1}},"line":21},"3":{"name":"(anonymous_3)","decl":{"start":{"line":26,"column":10},"end":{"line":26,"column":11}},"loc":{"start":{"line":26,"column":23},"end":{"line":31,"column":3}},"line":26},"4":{"name":"setSources","decl":{"start":{"line":35,"column":16},"end":{"line":35,"column":26}},"loc":{"start":{"line":35,"column":28},"end":{"line":45,"column":1}},"line":35},"5":{"name":"(anonymous_5)","decl":{"start":{"line":38,"column":10},"end":{"line":38,"column":11}},"loc":{"start":{"line":38,"column":22},"end":{"line":43,"column":3}},"line":38}},"branchMap":{},"s":{"0":5,"1":5,"2":1,"3":1,"4":1,"5":1,"6":1,"7":1,"8":1,"9":1},"f":{"0":5,"1":1,"2":1,"3":1,"4":1,"5":1},"b":{},"_coverageSchema":"332fd63041d2c1bcb487cc26dd0d5f7d97098a6c","hash":"2597fd02ad05586bd7d05d754e6477c7872a8719"}
,"/Users/andeladeveloper/Desktop/Test-News-App/src/js/components/Article.jsx": {"path":"/Users/andeladeveloper/Desktop/Test-News-App/src/js/components/Article.jsx","statementMap":{"0":{"start":{"line":14,"column":6},"end":{"line":14,"column":38}},"1":{"start":{"line":18,"column":4},"end":{"line":18,"column":17}},"2":{"start":{"line":20,"column":4},"end":{"line":24,"column":6}},"3":{"start":{"line":26,"column":4},"end":{"line":26,"column":57}},"4":{"start":{"line":31,"column":4},"end":{"line":31,"column":72}},"5":{"start":{"line":32,"column":4},"end":{"line":32,"column":51}},"6":{"start":{"line":37,"column":4},"end":{"line":37,"column":63}},"7":{"start":{"line":42,"column":4},"end":{"line":44,"column":7}},"8":{"start":{"line":48,"column":23},"end":{"line":48,"column":60}},"9":{"start":{"line":49,"column":23},"end":{"line":49,"column":56}},"10":{"start":{"line":51,"column":4},"end":{"line":82,"column":6}},"11":{"start":{"line":61,"column":14},"end":{"line":76,"column":20}},"12":{"start":{"line":87,"column":0},"end":{"line":92,"column":2}},"13":{"start":{"line":94,"column":0},"end":{"line":101,"column":2}}},"fnMap":{"0":{"name":"getId","decl":{"start":{"line":13,"column":13},"end":{"line":13,"column":18}},"loc":{"start":{"line":13,"column":29},"end":{"line":15,"column":5}},"line":13},"1":{"name":"(anonymous_1)","decl":{"start":{"line":17,"column":2},"end":{"line":17,"column":3}},"loc":{"start":{"line":17,"column":21},"end":{"line":27,"column":3}},"line":17},"2":{"name":"(anonymous_2)","decl":{"start":{"line":29,"column":2},"end":{"line":29,"column":3}},"loc":{"start":{"line":29,"column":22},"end":{"line":33,"column":3}},"line":29},"3":{"name":"(anonymous_3)","decl":{"start":{"line":36,"column":2},"end":{"line":36,"column":3}},"loc":{"start":{"line":36,"column":25},"end":{"line":38,"column":3}},"line":36},"4":{"name":"(anonymous_4)","decl":{"start":{"line":41,"column":2},"end":{"line":41,"column":3}},"loc":{"start":{"line":41,"column":19},"end":{"line":45,"column":3}},"line":41},"5":{"name":"(anonymous_5)","decl":{"start":{"line":47,"column":2},"end":{"line":47,"column":3}},"loc":{"start":{"line":47,"column":11},"end":{"line":83,"column":3}},"line":47},"6":{"name":"(anonymous_6)","decl":{"start":{"line":60,"column":37},"end":{"line":60,"column":38}},"loc":{"start":{"line":61,"column":14},"end":{"line":76,"column":20}},"line":61}},"branchMap":{},"s":{"0":1,"1":1,"2":1,"3":0,"4":0,"5":0,"6":0,"7":0,"8":0,"9":0,"10":0,"11":0,"12":2,"13":2},"f":{"0":1,"1":1,"2":0,"3":0,"4":0,"5":0,"6":0},"b":{},"_coverageSchema":"332fd63041d2c1bcb487cc26dd0d5f7d97098a6c","hash":"e1883ae15d13b87ff53a972d6d5425ee2c583f59"}
,"/Users/andeladeveloper/Desktop/Test-News-App/src/js/components/Footer.jsx": {"path":"/Users/andeladeveloper/Desktop/Test-News-App/src/js/components/Footer.jsx","statementMap":{"0":{"start":{"line":6,"column":8},"end":{"line":18,"column":10}}},"fnMap":{"0":{"name":"(anonymous_0)","decl":{"start":{"line":5,"column":4},"end":{"line":5,"column":5}},"loc":{"start":{"line":5,"column":13},"end":{"line":19,"column":5}},"line":5}},"branchMap":{},"s":{"0":1},"f":{"0":1},"b":{},"_coverageSchema":"332fd63041d2c1bcb487cc26dd0d5f7d97098a6c","hash":"33bf8f53744592223559ad0ccc1897e8430a1fa4"}
,"/Users/andeladeveloper/Desktop/Test-News-App/src/js/components/Header.jsx": {"path":"/Users/andeladeveloper/Desktop/Test-News-App/src/js/components/Header.jsx","statementMap":{"0":{"start":{"line":6,"column":4},"end":{"line":6,"column":12}},"1":{"start":{"line":8,"column":4},"end":{"line":10,"column":5}},"2":{"start":{"line":11,"column":4},"end":{"line":11,"column":41}},"3":{"start":{"line":15,"column":4},"end":{"line":15,"column":43}},"4":{"start":{"line":16,"column":4},"end":{"line":16,"column":22}},"5":{"start":{"line":20,"column":4},"end":{"line":20,"column":40}},"6":{"start":{"line":26,"column":8},"end":{"line":44,"column":10}}},"fnMap":{"0":{"name":"(anonymous_0)","decl":{"start":{"line":5,"column":2},"end":{"line":5,"column":3}},"loc":{"start":{"line":5,"column":16},"end":{"line":12,"column":3}},"line":5},"1":{"name":"(anonymous_1)","decl":{"start":{"line":14,"column":2},"end":{"line":14,"column":3}},"loc":{"start":{"line":14,"column":11},"end":{"line":17,"column":3}},"line":14},"2":{"name":"(anonymous_2)","decl":{"start":{"line":19,"column":2},"end":{"line":19,"column":3}},"loc":{"start":{"line":19,"column":12},"end":{"line":22,"column":3}},"line":19},"3":{"name":"(anonymous_3)","decl":{"start":{"line":24,"column":4},"end":{"line":24,"column":5}},"loc":{"start":{"line":24,"column":13},"end":{"line":45,"column":5}},"line":24}},"branchMap":{},"s":{"0":3,"1":3,"2":3,"3":0,"4":0,"5":0,"6":4},"f":{"0":3,"1":0,"2":0,"3":4},"b":{},"_coverageSchema":"332fd63041d2c1bcb487cc26dd0d5f7d97098a6c","hash":"56b42c25887545824d55f9700f131b62167108bb"}
,"/Users/andeladeveloper/Desktop/Test-News-App/src/js/components/Login.jsx": {"path":"/Users/andeladeveloper/Desktop/Test-News-App/src/js/components/Login.jsx","statementMap":{"0":{"start":{"line":9,"column":4},"end":{"line":9,"column":12}},"1":{"start":{"line":10,"column":4},"end":{"line":10,"column":57}},"2":{"start":{"line":18,"column":26},"end":{"line":18,"column":52}},"3":{"start":{"line":19,"column":25},"end":{"line":19,"column":27}},"4":{"start":{"line":20,"column":4},"end":{"line":20,"column":48}},"5":{"start":{"line":21,"column":4},"end":{"line":21,"column":50}},"6":{"start":{"line":22,"column":4},"end":{"line":22,"column":53}},"7":{"start":{"line":23,"column":4},"end":{"line":23,"column":45}},"8":{"start":{"line":24,"column":4},"end":{"line":24,"column":70}},"9":{"start":{"line":25,"column":4},"end":{"line":25,"column":22}},"10":{"start":{"line":30,"column":4},"end":{"line":59,"column":4}}},"fnMap":{"0":{"name":"(anonymous_0)","decl":{"start":{"line":8,"column":2},"end":{"line":8,"column":3}},"loc":{"start":{"line":8,"column":16},"end":{"line":11,"column":3}},"line":8},"1":{"name":"(anonymous_1)","decl":{"start":{"line":17,"column":2},"end":{"line":17,"column":3}},"loc":{"start":{"line":17,"column":27},"end":{"line":26,"column":3}},"line":17},"2":{"name":"(anonymous_2)","decl":{"start":{"line":28,"column":2},"end":{"line":28,"column":3}},"loc":{"start":{"line":28,"column":10},"end":{"line":60,"column":3}},"line":28}},"branchMap":{},"s":{"0":1,"1":1,"2":0,"3":0,"4":0,"5":0,"6":0,"7":0,"8":0,"9":0,"10":1},"f":{"0":1,"1":0,"2":1},"b":{},"_coverageSchema":"332fd63041d2c1bcb487cc26dd0d5f7d97098a6c","hash":"9275f8824b8fb997b99b13b702f9ff61f227686a"}
,"/Users/andeladeveloper/Desktop/Test-News-App/src/js/components/LoginMessage.jsx": {"path":"/Users/andeladeveloper/Desktop/Test-News-App/src/js/components/LoginMessage.jsx","statementMap":{"0":{"start":{"line":13,"column":17},"end":{"line":13,"column":64}},"1":{"start":{"line":15,"column":4},"end":{"line":43,"column":6}},"2":{"start":{"line":48,"column":0},"end":{"line":50,"column":3}},"3":{"start":{"line":49,"column":4},"end":{"line":49,"column":28}},"4":{"start":{"line":49,"column":12},"end":{"line":49,"column":28}}},"fnMap":{"0":{"name":"(anonymous_0)","decl":{"start":{"line":11,"column":2},"end":{"line":11,"column":3}},"loc":{"start":{"line":11,"column":10},"end":{"line":44,"column":3}},"line":11}},"branchMap":{},"s":{"0":1,"1":1,"2":2,"3":2,"4":2},"f":{"0":1},"b":{},"_coverageSchema":"332fd63041d2c1bcb487cc26dd0d5f7d97098a6c","hash":"42fcfdd26439d292d9cbf64b48cd008f8dc0ab92"}
,"/Users/andeladeveloper/Desktop/Test-News-App/src/js/components/NotFound.jsx": {"path":"/Users/andeladeveloper/Desktop/Test-News-App/src/js/components/NotFound.jsx","statementMap":{"0":{"start":{"line":9,"column":6},"end":{"line":9,"column":19}},"1":{"start":{"line":10,"column":6},"end":{"line":10,"column":21}},"2":{"start":{"line":15,"column":4},"end":{"line":23,"column":6}},"3":{"start":{"line":27,"column":0},"end":{"line":29,"column":3}},"4":{"start":{"line":28,"column":4},"end":{"line":28,"column":28}},"5":{"start":{"line":28,"column":12},"end":{"line":28,"column":28}}},"fnMap":{"0":{"name":"(anonymous_0)","decl":{"start":{"line":8,"column":4},"end":{"line":8,"column":5}},"loc":{"start":{"line":8,"column":22},"end":{"line":11,"column":5}},"line":8},"1":{"name":"(anonymous_1)","decl":{"start":{"line":14,"column":2},"end":{"line":14,"column":3}},"loc":{"start":{"line":14,"column":11},"end":{"line":24,"column":3}},"line":14}},"branchMap":{},"s":{"0":1,"1":1,"2":1,"3":2,"4":2,"5":2},"f":{"0":1,"1":1},"b":{},"_coverageSchema":"332fd63041d2c1bcb487cc26dd0d5f7d97098a6c","hash":"55a96889666a029f35fba6aa1cacd109377ef596"}
,"/Users/andeladeveloper/Desktop/Test-News-App/src/js/components/Search.js": {"path":"/Users/andeladeveloper/Desktop/Test-News-App/src/js/components/Search.js","statementMap":{"0":{"start":{"line":6,"column":6},"end":{"line":6,"column":19}},"1":{"start":{"line":7,"column":6},"end":{"line":10,"column":8}},"2":{"start":{"line":11,"column":6},"end":{"line":11,"column":55}},"3":{"start":{"line":15,"column":8},"end":{"line":15,"column":27}},"4":{"start":{"line":16,"column":8},"end":{"line":16,"column":48}},"5":{"start":{"line":19,"column":5},"end":{"line":19,"column":54}},"6":{"start":{"line":23,"column":28},"end":{"line":23,"column":38}},"7":{"start":{"line":24,"column":6},"end":{"line":24,"column":35}},"8":{"start":{"line":25,"column":6},"end":{"line":37,"column":8}}},"fnMap":{"0":{"name":"(anonymous_0)","decl":{"start":{"line":5,"column":4},"end":{"line":5,"column":5}},"loc":{"start":{"line":5,"column":23},"end":{"line":12,"column":5}},"line":5},"1":{"name":"(anonymous_1)","decl":{"start":{"line":14,"column":4},"end":{"line":14,"column":5}},"loc":{"start":{"line":14,"column":20},"end":{"line":17,"column":5}},"line":14},"2":{"name":"(anonymous_2)","decl":{"start":{"line":18,"column":3},"end":{"line":18,"column":4}},"loc":{"start":{"line":18,"column":13},"end":{"line":20,"column":4}},"line":18},"3":{"name":"(anonymous_3)","decl":{"start":{"line":22,"column":4},"end":{"line":22,"column":5}},"loc":{"start":{"line":22,"column":13},"end":{"line":38,"column":5}},"line":22}},"branchMap":{},"s":{"0":1,"1":1,"2":1,"3":0,"4":0,"5":0,"6":1,"7":1,"8":1},"f":{"0":1,"1":0,"2":0,"3":1},"b":{},"_coverageSchema":"332fd63041d2c1bcb487cc26dd0d5f7d97098a6c","hash":"7a6bdc9663942577810ab98c82a9e3d0ccb19d17"}
,"/Users/andeladeveloper/Desktop/Test-News-App/src/js/components/layout.jsx": {"path":"/Users/andeladeveloper/Desktop/Test-News-App/src/js/components/layout.jsx","statementMap":{"0":{"start":{"line":18,"column":16},"end":{"line":18,"column":38}},"1":{"start":{"line":21,"column":4},"end":{"line":21,"column":12}},"2":{"start":{"line":22,"column":4},"end":{"line":22,"column":19}},"3":{"start":{"line":23,"column":4},"end":{"line":23,"column":53}},"4":{"start":{"line":30,"column":4},"end":{"line":48,"column":4}}},"fnMap":{"0":{"name":"(anonymous_0)","decl":{"start":{"line":20,"column":2},"end":{"line":20,"column":3}},"loc":{"start":{"line":20,"column":15},"end":{"line":24,"column":3}},"line":20},"1":{"name":"(anonymous_1)","decl":{"start":{"line":27,"column":0},"end":{"line":27,"column":1}},"loc":{"start":{"line":27,"column":8},"end":{"line":49,"column":3}},"line":27}},"branchMap":{"0":{"loc":{"start":{"line":36,"column":43},"end":{"line":36,"column":101}},"type":"cond-expr","locations":[{"start":{"line":36,"column":81},"end":{"line":36,"column":93}},{"start":{"line":36,"column":96},"end":{"line":36,"column":101}}],"line":36},"1":{"loc":{"start":{"line":39,"column":43},"end":{"line":39,"column":95}},"type":"cond-expr","locations":[{"start":{"line":39,"column":81},"end":{"line":39,"column":87}},{"start":{"line":39,"column":90},"end":{"line":39,"column":95}}],"line":39},"2":{"loc":{"start":{"line":40,"column":62},"end":{"line":40,"column":115}},"type":"cond-expr","locations":[{"start":{"line":40,"column":100},"end":{"line":40,"column":107}},{"start":{"line":40,"column":110},"end":{"line":40,"column":115}}],"line":40},"3":{"loc":{"start":{"line":41,"column":45},"end":{"line":41,"column":98}},"type":"cond-expr","locations":[{"start":{"line":41,"column":83},"end":{"line":41,"column":90}},{"start":{"line":41,"column":93},"end":{"line":41,"column":98}}],"line":41}},"s":{"0":1,"1":3,"2":3,"3":3,"4":3},"f":{"0":3,"1":3},"b":{"0":[0,3],"1":[0,3],"2":[0,3],"3":[0,3]},"_coverageSchema":"332fd63041d2c1bcb487cc26dd0d5f7d97098a6c","hash":"ef45158043086aead469239fc7085f6e81558229"}
,"/Users/andeladeveloper/Desktop/Test-News-App/src/js/components/sources.jsx": {"path":"/Users/andeladeveloper/Desktop/Test-News-App/src/js/components/sources.jsx","statementMap":{"0":{"start":{"line":11,"column":4},"end":{"line":11,"column":12}},"1":{"start":{"line":14,"column":4},"end":{"line":17,"column":5}},"2":{"start":{"line":20,"column":4},"end":{"line":20,"column":45}},"3":{"start":{"line":24,"column":4},"end":{"line":24,"column":31}},"4":{"start":{"line":25,"column":4},"end":{"line":29,"column":6}},"5":{"start":{"line":26,"column":6},"end":{"line":28,"column":8}},"6":{"start":{"line":35,"column":4},"end":{"line":35,"column":56}},"7":{"start":{"line":39,"column":4},"end":{"line":41,"column":7}},"8":{"start":{"line":45,"column":8},"end":{"line":45,"column":31}},"9":{"start":{"line":46,"column":8},"end":{"line":46,"column":70}},"10":{"start":{"line":49,"column":5},"end":{"line":49,"column":54}},"11":{"start":{"line":53,"column":22},"end":{"line":53,"column":32}},"12":{"start":{"line":54,"column":26},"end":{"line":59,"column":5}},"13":{"start":{"line":56,"column":8},"end":{"line":56,"column":85}},"14":{"start":{"line":61,"column":4},"end":{"line":101,"column":6}},"15":{"start":{"line":79,"column":12},"end":{"line":95,"column":13}},"16":{"start":{"line":84,"column":18},"end":{"line":89,"column":19}},"17":{"start":{"line":105,"column":0},"end":{"line":109,"column":2}},"18":{"start":{"line":111,"column":0},"end":{"line":135,"column":1}}},"fnMap":{"0":{"name":"(anonymous_0)","decl":{"start":{"line":10,"column":2},"end":{"line":10,"column":3}},"loc":{"start":{"line":10,"column":16},"end":{"line":21,"column":3}},"line":10},"1":{"name":"(anonymous_1)","decl":{"start":{"line":23,"column":2},"end":{"line":23,"column":3}},"loc":{"start":{"line":23,"column":23},"end":{"line":31,"column":3}},"line":23},"2":{"name":"(anonymous_2)","decl":{"start":{"line":25,"column":28},"end":{"line":25,"column":29}},"loc":{"start":{"line":25,"column":34},"end":{"line":29,"column":5}},"line":25},"3":{"name":"(anonymous_3)","decl":{"start":{"line":33,"column":2},"end":{"line":33,"column":3}},"loc":{"start":{"line":33,"column":25},"end":{"line":36,"column":3}},"line":33},"4":{"name":"(anonymous_4)","decl":{"start":{"line":38,"column":2},"end":{"line":38,"column":3}},"loc":{"start":{"line":38,"column":13},"end":{"line":42,"column":3}},"line":38},"5":{"name":"(anonymous_5)","decl":{"start":{"line":44,"column":2},"end":{"line":44,"column":3}},"loc":{"start":{"line":44,"column":22},"end":{"line":47,"column":5}},"line":44},"6":{"name":"(anonymous_6)","decl":{"start":{"line":48,"column":3},"end":{"line":48,"column":4}},"loc":{"start":{"line":48,"column":13},"end":{"line":50,"column":4}},"line":48},"7":{"name":"(anonymous_7)","decl":{"start":{"line":52,"column":2},"end":{"line":52,"column":3}},"loc":{"start":{"line":52,"column":11},"end":{"line":102,"column":3}},"line":52},"8":{"name":"(anonymous_8)","decl":{"start":{"line":55,"column":6},"end":{"line":55,"column":7}},"loc":{"start":{"line":55,"column":18},"end":{"line":58,"column":7}},"line":55},"9":{"name":"(anonymous_9)","decl":{"start":{"line":78,"column":31},"end":{"line":78,"column":32}},"loc":{"start":{"line":78,"column":43},"end":{"line":96,"column":11}},"line":78},"10":{"name":"(anonymous_10)","decl":{"start":{"line":83,"column":47},"end":{"line":83,"column":48}},"loc":{"start":{"line":83,"column":59},"end":{"line":90,"column":17}},"line":83}},"branchMap":{},"s":{"0":4,"1":4,"2":4,"3":4,"4":4,"5":0,"6":0,"7":1,"8":1,"9":0,"10":0,"11":5,"12":5,"13":0,"14":5,"15":0,"16":0,"17":2,"18":2},"f":{"0":4,"1":4,"2":0,"3":0,"4":1,"5":1,"6":0,"7":5,"8":0,"9":0,"10":0},"b":{},"_coverageSchema":"332fd63041d2c1bcb487cc26dd0d5f7d97098a6c","hash":"f4c47d8378632628a1c1e30cdf601074165ed01c"}
,"/Users/andeladeveloper/Desktop/Test-News-App/src/js/constants/Constants.js": {"path":"/Users/andeladeveloper/Desktop/Test-News-App/src/js/constants/Constants.js","statementMap":{},"fnMap":{},"branchMap":{},"s":{},"f":{},"b":{},"_coverageSchema":"332fd63041d2c1bcb487cc26dd0d5f7d97098a6c","hash":"91dcf6bbb7a0df6a623dd1d5190de27f4336598a"}
,"/Users/andeladeveloper/Desktop/Test-News-App/src/js/dispatch/Dispatcher.js": {"path":"/Users/andeladeveloper/Desktop/Test-News-App/src/js/dispatch/Dispatcher.js","statementMap":{},"fnMap":{},"branchMap":{},"s":{},"f":{},"b":{},"_coverageSchema":"332fd63041d2c1bcb487cc26dd0d5f7d97098a6c","hash":"f156b21d2e37cb53adf8fb96aaf83fcfb3204e5c"}
,"/Users/andeladeveloper/Desktop/Test-News-App/src/js/stores/ArticleStore.js": {"path":"/Users/andeladeveloper/Desktop/Test-News-App/src/js/stores/ArticleStore.js","statementMap":{"0":{"start":{"line":4,"column":21},"end":{"line":4,"column":29}},"1":{"start":{"line":7,"column":4},"end":{"line":7,"column":12}},"2":{"start":{"line":8,"column":4},"end":{"line":8,"column":23}},"3":{"start":{"line":12,"column":4},"end":{"line":12,"column":25}},"4":{"start":{"line":15,"column":4},"end":{"line":15,"column":16}},"5":{"start":{"line":20,"column":4},"end":{"line":23,"column":5}},"6":{"start":{"line":21,"column":6},"end":{"line":21,"column":38}},"7":{"start":{"line":22,"column":6},"end":{"line":22,"column":30}},"8":{"start":{"line":57,"column":21},"end":{"line":57,"column":39}},"9":{"start":{"line":58,"column":0},"end":{"line":58,"column":67}}},"fnMap":{"0":{"name":"(anonymous_0)","decl":{"start":{"line":6,"column":2},"end":{"line":6,"column":3}},"loc":{"start":{"line":6,"column":16},"end":{"line":9,"column":3}},"line":6},"1":{"name":"(anonymous_1)","decl":{"start":{"line":11,"column":2},"end":{"line":11,"column":3}},"loc":{"start":{"line":11,"column":16},"end":{"line":13,"column":3}},"line":11},"2":{"name":"(anonymous_2)","decl":{"start":{"line":14,"column":2},"end":{"line":14,"column":3}},"loc":{"start":{"line":14,"column":15},"end":{"line":16,"column":3}},"line":14},"3":{"name":"(anonymous_3)","decl":{"start":{"line":19,"column":1},"end":{"line":19,"column":2}},"loc":{"start":{"line":19,"column":23},"end":{"line":24,"column":3}},"line":19}},"branchMap":{"0":{"loc":{"start":{"line":20,"column":4},"end":{"line":23,"column":5}},"type":"if","locations":[{"start":{"line":20,"column":4},"end":{"line":23,"column":5}},{"start":{"line":20,"column":4},"end":{"line":23,"column":5}}],"line":20}},"s":{"0":3,"1":3,"2":3,"3":2,"4":2,"5":4,"6":4,"7":4,"8":3,"9":3},"f":{"0":3,"1":2,"2":2,"3":4},"b":{"0":[4,0]},"_coverageSchema":"332fd63041d2c1bcb487cc26dd0d5f7d97098a6c","hash":"9b978dab884f10c58aee8fe5f7da7a76d90e1934"}
,"/Users/andeladeveloper/Desktop/Test-News-App/src/js/stores/SourceStore.js": {"path":"/Users/andeladeveloper/Desktop/Test-News-App/src/js/stores/SourceStore.js","statementMap":{"0":{"start":{"line":8,"column":21},"end":{"line":8,"column":29}},"1":{"start":{"line":15,"column":4},"end":{"line":15,"column":12}},"2":{"start":{"line":16,"column":4},"end":{"line":16,"column":21}},"3":{"start":{"line":22,"column":4},"end":{"line":22,"column":24}},"4":{"start":{"line":26,"column":4},"end":{"line":26,"column":30}},"5":{"start":{"line":51,"column":4},"end":{"line":54,"column":5}},"6":{"start":{"line":52,"column":6},"end":{"line":52,"column":36}},"7":{"start":{"line":53,"column":6},"end":{"line":53,"column":30}},"8":{"start":{"line":59,"column":20},"end":{"line":59,"column":42}},"9":{"start":{"line":64,"column":0},"end":{"line":64,"column":65}}},"fnMap":{"0":{"name":"(anonymous_0)","decl":{"start":{"line":14,"column":2},"end":{"line":14,"column":3}},"loc":{"start":{"line":14,"column":16},"end":{"line":17,"column":3}},"line":14},"1":{"name":"(anonymous_1)","decl":{"start":{"line":21,"column":2},"end":{"line":21,"column":3}},"loc":{"start":{"line":21,"column":15},"end":{"line":23,"column":3}},"line":21},"2":{"name":"(anonymous_2)","decl":{"start":{"line":25,"column":2},"end":{"line":25,"column":3}},"loc":{"start":{"line":25,"column":14},"end":{"line":27,"column":3}},"line":25},"3":{"name":"(anonymous_3)","decl":{"start":{"line":50,"column":2},"end":{"line":50,"column":3}},"loc":{"start":{"line":50,"column":24},"end":{"line":55,"column":3}},"line":50}},"branchMap":{"0":{"loc":{"start":{"line":51,"column":4},"end":{"line":54,"column":5}},"type":"if","locations":[{"start":{"line":51,"column":4},"end":{"line":54,"column":5}},{"start":{"line":51,"column":4},"end":{"line":54,"column":5}}],"line":51}},"s":{"0":6,"1":6,"2":6,"3":9,"4":1,"5":4,"6":1,"7":1,"8":6,"9":6},"f":{"0":6,"1":9,"2":1,"3":4},"b":{"0":[1,3]},"_coverageSchema":"332fd63041d2c1bcb487cc26dd0d5f7d97098a6c","hash":"85f9e84885d62865ead1a80b7f37ff53774ce525"}
,"/Users/andeladeveloper/Desktop/Test-News-App/src/js/utils/NewsAPI.js": {"path":"/Users/andeladeveloper/Desktop/Test-News-App/src/js/utils/NewsAPI.js","statementMap":{"0":{"start":{"line":38,"column":4},"end":{"line":46,"column":7}},"1":{"start":{"line":39,"column":6},"end":{"line":42,"column":8}},"2":{"start":{"line":41,"column":8},"end":{"line":41,"column":36}},"3":{"start":{"line":50,"column":4},"end":{"line":58,"column":7}},"4":{"start":{"line":51,"column":6},"end":{"line":54,"column":8}},"5":{"start":{"line":53,"column":8},"end":{"line":53,"column":35}},"6":{"start":{"line":62,"column":4},"end":{"line":70,"column":7}},"7":{"start":{"line":63,"column":6},"end":{"line":66,"column":8}},"8":{"start":{"line":65,"column":8},"end":{"line":65,"column":35}}},"fnMap":{"0":{"name":"(anonymous_0)","decl":{"start":{"line":37,"column":14},"end":{"line":37,"column":15}},"loc":{"start":{"line":37,"column":23},"end":{"line":47,"column":3}},"line":37},"1":{"name":"(anonymous_1)","decl":{"start":{"line":38,"column":23},"end":{"line":38,"column":24}},"loc":{"start":{"line":38,"column":44},"end":{"line":46,"column":5}},"line":38},"2":{"name":"(anonymous_2)","decl":{"start":{"line":40,"column":12},"end":{"line":40,"column":13}},"loc":{"start":{"line":40,"column":21},"end":{"line":42,"column":7}},"line":40},"3":{"name":"(anonymous_3)","decl":{"start":{"line":50,"column":23},"end":{"line":50,"column":24}},"loc":{"start":{"line":50,"column":44},"end":{"line":58,"column":5}},"line":50},"4":{"name":"(anonymous_4)","decl":{"start":{"line":52,"column":12},"end":{"line":52,"column":13}},"loc":{"start":{"line":52,"column":21},"end":{"line":54,"column":7}},"line":52},"5":{"name":"(anonymous_5)","decl":{"start":{"line":62,"column":23},"end":{"line":62,"column":24}},"loc":{"start":{"line":62,"column":44},"end":{"line":70,"column":5}},"line":62},"6":{"name":"(anonymous_6)","decl":{"start":{"line":64,"column":12},"end":{"line":64,"column":13}},"loc":{"start":{"line":64,"column":21},"end":{"line":66,"column":7}},"line":64}},"branchMap":{},"s":{"0":5,"1":5,"2":1,"3":1,"4":1,"5":1,"6":1,"7":1,"8":1},"f":{"0":5,"1":5,"2":1,"3":1,"4":1,"5":1,"6":1},"b":{},"_coverageSchema":"332fd63041d2c1bcb487cc26dd0d5f7d97098a6c","hash":"d6d7f89972d2cd939e1ba62c21fca644dca240d4"}
}
