TN:
SF:/Users/andeladeveloper/Desktop/Test-News-App/src/js/actions/ArticleAction.js
FN:8,getSources
FN:11,(anonymous_1)
FN:21,getArticles
FN:26,(anonymous_3)
FN:35,setSources
FN:38,(anonymous_5)
FNF:6
FNH:6
FNDA:7,getSources
FNDA:1,(anonymous_1)
FNDA:1,getArticles
FNDA:1,(anonymous_3)
FNDA:1,setSources
FNDA:1,(anonymous_5)
DA:9,7
DA:10,7
DA:12,1
DA:22,1
DA:23,1
DA:25,1
DA:27,1
DA:36,1
DA:37,1
DA:39,1
LF:10
LH:10
BRF:0
BRH:0
end_of_record
TN:
SF:/Users/andeladeveloper/Desktop/Test-News-App/src/js/components/Article.jsx
FN:13,getId
FN:17,(anonymous_1)
FN:29,(anonymous_2)
FN:36,(anonymous_3)
FN:41,(anonymous_4)
FN:47,(anonymous_5)
FN:62,(anonymous_6)
FNF:7
FNH:2
FNDA:1,getId
FNDA:1,(anonymous_1)
FNDA:0,(anonymous_2)
FNDA:0,(anonymous_3)
FNDA:0,(anonymous_4)
FNDA:0,(anonymous_5)
FNDA:0,(anonymous_6)
DA:14,1
DA:18,1
DA:20,1
DA:26,0
DA:31,0
DA:32,0
DA:37,0
DA:42,0
DA:48,0
DA:49,0
DA:50,0
DA:52,0
DA:63,0
DA:89,2
DA:96,2
LF:15
LH:5
BRF:0
BRH:0
end_of_record
TN:
SF:/Users/andeladeveloper/Desktop/Test-News-App/src/js/components/Footer.js
FN:5,(anonymous_0)
FNF:1
FNH:1
FNDA:1,(anonymous_0)
DA:6,1
LF:1
LH:1
BRF:0
BRH:0
end_of_record
TN:
SF:/Users/andeladeveloper/Desktop/Test-News-App/src/js/components/Header.js
FN:5,(anonymous_0)
FN:13,(anonymous_1)
FN:17,(anonymous_2)
FN:23,(anonymous_3)
FNF:4
FNH:2
FNDA:8,(anonymous_0)
FNDA:0,(anonymous_1)
FNDA:0,(anonymous_2)
FNDA:10,(anonymous_3)
DA:6,8
DA:7,8
DA:10,8
DA:14,0
DA:15,0
DA:19,0
DA:24,10
LF:7
LH:4
BRF:0
BRH:0
end_of_record
TN:
SF:/Users/andeladeveloper/Desktop/Test-News-App/src/js/components/Login.jsx
FN:8,(anonymous_0)
FN:17,(anonymous_1)
FN:27,(anonymous_2)
FNF:3
FNH:2
FNDA:1,(anonymous_0)
FNDA:0,(anonymous_1)
FNDA:1,(anonymous_2)
DA:9,1
DA:10,1
DA:18,0
DA:19,0
DA:20,0
DA:21,0
DA:22,0
DA:23,0
DA:24,0
DA:29,1
LF:10
LH:3
BRF:0
BRH:0
end_of_record
TN:
SF:/Users/andeladeveloper/Desktop/Test-News-App/src/js/components/LoginMessage.jsx
FN:8,(anonymous_0)
FNF:1
FNH:1
FNDA:1,(anonymous_0)
DA:10,1
DA:12,1
DA:27,2
DA:28,2
LF:4
LH:4
BRF:0
BRH:0
end_of_record
TN:
SF:/Users/andeladeveloper/Desktop/Test-News-App/src/js/components/NotFound.jsx
FN:8,(anonymous_0)
FN:14,(anonymous_1)
FNF:2
FNH:2
FNDA:1,(anonymous_0)
FNDA:1,(anonymous_1)
DA:9,1
DA:10,1
DA:15,1
DA:27,2
DA:28,2
LF:5
LH:5
BRF:0
BRH:0
end_of_record
TN:
SF:/Users/andeladeveloper/Desktop/Test-News-App/src/js/components/Search.js
FN:5,(anonymous_0)
FN:14,(anonymous_1)
FN:18,(anonymous_2)
FN:22,(anonymous_3)
FNF:4
FNH:2
FNDA:1,(anonymous_0)
FNDA:0,(anonymous_1)
FNDA:0,(anonymous_2)
FNDA:1,(anonymous_3)
DA:6,1
DA:7,1
DA:11,1
DA:15,0
DA:16,0
DA:19,0
DA:23,1
DA:24,1
DA:25,1
LF:9
LH:6
BRF:0
BRH:0
end_of_record
TN:
SF:/Users/andeladeveloper/Desktop/Test-News-App/src/js/components/layout.jsx
FN:20,(anonymous_0)
FN:27,(anonymous_1)
FNF:2
FNH:2
FNDA:3,(anonymous_0)
FNDA:3,(anonymous_1)
DA:18,1
DA:21,3
DA:22,3
DA:23,3
DA:30,3
LF:5
LH:5
BRDA:36,0,0,0
BRDA:36,0,1,3
BRDA:39,1,0,0
BRDA:39,1,1,3
BRDA:40,2,0,0
BRDA:40,2,1,3
BRDA:41,3,0,0
BRDA:41,3,1,3
BRF:8
BRH:4
end_of_record
TN:
SF:/Users/andeladeveloper/Desktop/Test-News-App/src/js/components/sources.jsx
FN:10,(anonymous_0)
FN:23,(anonymous_1)
FN:25,(anonymous_2)
FN:33,(anonymous_3)
FN:38,(anonymous_4)
FN:44,(anonymous_5)
FN:48,(anonymous_6)
FN:52,(anonymous_7)
FN:55,(anonymous_8)
FN:78,(anonymous_9)
FN:83,(anonymous_10)
FNF:11
FNH:6
FNDA:6,(anonymous_0)
FNDA:6,(anonymous_1)
FNDA:0,(anonymous_2)
FNDA:0,(anonymous_3)
FNDA:1,(anonymous_4)
FNDA:1,(anonymous_5)
FNDA:1,(anonymous_6)
FNDA:8,(anonymous_7)
FNDA:0,(anonymous_8)
FNDA:0,(anonymous_9)
FNDA:0,(anonymous_10)
DA:11,6
DA:14,6
DA:20,6
DA:24,6
DA:25,6
DA:26,0
DA:35,0
DA:39,1
DA:45,1
DA:46,0
DA:49,1
DA:53,8
DA:54,8
DA:56,0
DA:61,8
DA:79,0
DA:84,0
DA:105,2
DA:111,2
LF:19
LH:13
BRF:0
BRH:0
end_of_record
TN:
SF:/Users/andeladeveloper/Desktop/Test-News-App/src/js/constants/Constants.js
FNF:0
FNH:0
LF:0
LH:0
BRF:0
BRH:0
end_of_record
TN:
SF:/Users/andeladeveloper/Desktop/Test-News-App/src/js/dispatch/Dispatcher.js
FNF:0
FNH:0
LF:0
LH:0
BRF:0
BRH:0
end_of_record
TN:
SF:/Users/andeladeveloper/Desktop/Test-News-App/src/js/stores/ArticleStore.js
FN:6,(anonymous_0)
FN:11,(anonymous_1)
FN:14,(anonymous_2)
FN:19,(anonymous_3)
FNF:4
FNH:4
FNDA:3,(anonymous_0)
FNDA:2,(anonymous_1)
FNDA:2,(anonymous_2)
FNDA:4,(anonymous_3)
DA:4,3
DA:7,3
DA:8,3
DA:12,2
DA:15,2
DA:20,4
DA:21,4
DA:22,4
DA:57,3
DA:58,3
LF:10
LH:10
BRDA:20,0,0,4
BRDA:20,0,1,0
BRF:2
BRH:1
end_of_record
TN:
SF:/Users/andeladeveloper/Desktop/Test-News-App/src/js/stores/SourceStore.js
FN:14,(anonymous_0)
FN:21,(anonymous_1)
FN:25,(anonymous_2)
FN:50,(anonymous_3)
FNF:4
FNH:4
FNDA:6,(anonymous_0)
FNDA:11,(anonymous_1)
FNDA:1,(anonymous_2)
FNDA:4,(anonymous_3)
DA:8,6
DA:15,6
DA:16,6
DA:22,11
DA:26,1
DA:51,4
DA:52,1
DA:53,1
DA:59,6
DA:64,6
LF:10
LH:10
BRDA:51,0,0,1
BRDA:51,0,1,3
BRF:2
BRH:2
end_of_record
TN:
SF:/Users/andeladeveloper/Desktop/Test-News-App/src/js/utils/NewsAPI.js
FN:37,(anonymous_0)
FN:38,(anonymous_1)
FN:40,(anonymous_2)
FN:50,(anonymous_3)
FN:52,(anonymous_4)
FN:62,(anonymous_5)
FN:64,(anonymous_6)
FNF:7
FNH:7
FNDA:7,(anonymous_0)
FNDA:7,(anonymous_1)
FNDA:1,(anonymous_2)
FNDA:1,(anonymous_3)
FNDA:1,(anonymous_4)
FNDA:1,(anonymous_5)
FNDA:1,(anonymous_6)
DA:38,7
DA:39,7
DA:41,1
DA:50,1
DA:51,1
DA:53,1
DA:62,1
DA:63,1
DA:65,1
LF:9
LH:9
BRF:0
BRH:0
end_of_record
